2023-02-10T13:42:52.085+09:00  INFO 7616 --- [restartedMain] kr.co.kmarket2.Kmarket2Application       : Starting Kmarket2Application using Java 17.0.5 with PID 7616 (C:\Users\java1\Desktop\Workspace\Kmarket2\SpringBoot\Kmarket2\bin\main started by java1 in C:\Users\java1\Desktop\Workspace\Kmarket2\SpringBoot\Kmarket2)
2023-02-10T13:42:52.087+09:00  INFO 7616 --- [restartedMain] kr.co.kmarket2.Kmarket2Application       : No active profile set, falling back to 1 default profile: "default"
2023-02-10T13:42:52.116+09:00  INFO 7616 --- [restartedMain] .e.DevToolsPropertyDefaultsPostProcessor : Devtools property defaults active! Set 'spring.devtools.add-properties' to 'false' to disable
2023-02-10T13:42:52.117+09:00  INFO 7616 --- [restartedMain] .e.DevToolsPropertyDefaultsPostProcessor : For additional web related logging consider setting the 'logging.level.web' property to 'DEBUG'
2023-02-10T13:42:52.502+09:00  INFO 7616 --- [restartedMain] .s.d.r.c.RepositoryConfigurationDelegate : Bootstrapping Spring Data JPA repositories in DEFAULT mode.
2023-02-10T13:42:52.536+09:00  INFO 7616 --- [restartedMain] .s.d.r.c.RepositoryConfigurationDelegate : Finished Spring Data repository scanning in 28 ms. Found 1 JPA repository interfaces.
2023-02-10T13:42:52.923+09:00  INFO 7616 --- [restartedMain] o.s.b.w.embedded.tomcat.TomcatWebServer  : Tomcat initialized with port(s): 8080 (http)
2023-02-10T13:42:52.930+09:00  INFO 7616 --- [restartedMain] o.apache.catalina.core.StandardService   : Starting service [Tomcat]
2023-02-10T13:42:52.931+09:00  INFO 7616 --- [restartedMain] o.apache.catalina.core.StandardEngine    : Starting Servlet engine: [Apache Tomcat/10.1.5]
2023-02-10T13:42:52.973+09:00  INFO 7616 --- [restartedMain] o.a.c.c.C.[.[localhost].[/Kmarket2]      : Initializing Spring embedded WebApplicationContext
2023-02-10T13:42:52.973+09:00  INFO 7616 --- [restartedMain] w.s.c.ServletWebServerApplicationContext : Root WebApplicationContext: initialization completed in 856 ms
2023-02-10T13:42:53.087+09:00  INFO 7616 --- [restartedMain] o.hibernate.jpa.internal.util.LogHelper  : HHH000204: Processing PersistenceUnitInfo [name: default]
2023-02-10T13:42:53.120+09:00  INFO 7616 --- [restartedMain] org.hibernate.Version                    : HHH000412: Hibernate ORM core version 6.1.6.Final
2023-02-10T13:42:53.223+09:00  WARN 7616 --- [restartedMain] org.hibernate.orm.deprecation            : HHH90000021: Encountered deprecated setting [javax.persistence.sharedCache.mode], use [jakarta.persistence.sharedCache.mode] instead
2023-02-10T13:42:53.301+09:00  INFO 7616 --- [restartedMain] com.zaxxer.hikari.HikariDataSource       : HikariPool-1 - Starting...
2023-02-10T13:42:53.474+09:00  INFO 7616 --- [restartedMain] com.zaxxer.hikari.pool.HikariPool        : HikariPool-1 - Added connection com.mysql.cj.jdbc.ConnectionImpl@75e7505f
2023-02-10T13:42:53.476+09:00  INFO 7616 --- [restartedMain] com.zaxxer.hikari.HikariDataSource       : HikariPool-1 - Start completed.
2023-02-10T13:42:53.486+09:00  INFO 7616 --- [restartedMain] SQL dialect                              : HHH000400: Using dialect: org.hibernate.dialect.MySQL57Dialect
2023-02-10T13:42:53.487+09:00  WARN 7616 --- [restartedMain] org.hibernate.orm.deprecation            : HHH90000026: MySQL57Dialect has been deprecated; use org.hibernate.dialect.MySQLDialect instead
2023-02-10T13:42:54.147+09:00  INFO 7616 --- [restartedMain] o.h.e.t.j.p.i.JtaPlatformInitiator       : HHH000490: Using JtaPlatform implementation: [org.hibernate.engine.transaction.jta.platform.internal.NoJtaPlatform]
2023-02-10T13:42:54.154+09:00  INFO 7616 --- [restartedMain] j.LocalContainerEntityManagerFactoryBean : Initialized JPA EntityManagerFactory for persistence unit 'default'
2023-02-10T13:42:54.431+09:00  WARN 7616 --- [restartedMain] ocalVariableTableParameterNameDiscoverer : Using deprecated '-debug' fallback for parameter name resolution. Compile the affected code with '-parameters' instead or avoid its introspection: kr.co.kmarket2.repository.MemberRepo
2023-02-10T13:42:54.504+09:00  WARN 7616 --- [restartedMain] JpaBaseConfiguration$JpaWebConfiguration : spring.jpa.open-in-view is enabled by default. Therefore, database queries may be performed during view rendering. Explicitly configure spring.jpa.open-in-view to disable this warning
2023-02-10T13:42:54.568+09:00  INFO 7616 --- [restartedMain] o.s.b.a.w.s.WelcomePageHandlerMapping    : Adding welcome page template: index
2023-02-10T13:42:54.665+09:00  INFO 7616 --- [restartedMain] o.s.s.web.DefaultSecurityFilterChain     : Will secure any request with [org.springframework.security.web.session.DisableEncodeUrlFilter@3cd2ccae, org.springframework.security.web.context.request.async.WebAsyncManagerIntegrationFilter@46f6854e, org.springframework.security.web.context.SecurityContextHolderFilter@6b47f81, org.springframework.security.web.header.HeaderWriterFilter@7f8b22b8, org.springframework.web.filter.CorsFilter@4359665a, org.springframework.security.web.authentication.logout.LogoutFilter@5be71941, org.springframework.security.web.authentication.UsernamePasswordAuthenticationFilter@14973e5d, org.springframework.security.web.savedrequest.RequestCacheAwareFilter@25e5eff0, org.springframework.security.web.servletapi.SecurityContextHolderAwareRequestFilter@508e8c38, org.springframework.security.web.authentication.AnonymousAuthenticationFilter@2e7fe951, org.springframework.security.web.access.ExceptionTranslationFilter@399f8c25, org.springframework.security.web.access.intercept.AuthorizationFilter@15520d0f]
2023-02-10T13:42:54.942+09:00  INFO 7616 --- [restartedMain] o.s.b.d.a.OptionalLiveReloadServer       : LiveReload server is running on port 35729
2023-02-10T13:42:54.967+09:00  INFO 7616 --- [restartedMain] o.s.b.w.embedded.tomcat.TomcatWebServer  : Tomcat started on port(s): 8080 (http) with context path '/Kmarket2'
2023-02-10T13:42:54.973+09:00  INFO 7616 --- [restartedMain] kr.co.kmarket2.Kmarket2Application       : Started Kmarket2Application in 3.146 seconds (process running for 3.617)
